<?xml version="1.0" encoding="UTF-8"?>
<!-- Generated by org.testng.reporters.JUnitReportReporter -->
<testsuite hostname="LAPTOP-KO4UPKBB" failures="0" tests="1" name="scripts.Testcase1" time="9.896" errors="0" timestamp="2022-12-28T13:36:34 IST" skipped="0">
  <testcase classname="scripts.Testcase1" name="tc1" time="9.896"/>
  <system-out/>
</testsuite> <!-- scripts.Testcase1 -->
